<?xml version="1.0" encoding="UTF-8"?>
<!-- Generated by org.testng.reporters.JUnitReportReporter -->
<testsuite skipped="0" hostname="TA-LAP-030" name="amazon.assessment.tests.LoginTest" tests="1" failures="0" timestamp="08 Sep 2019 07:54:40 GMT" time="60.522" errors="0">
  <testcase name="loginIntoApplication" time="60.522" classname="amazon.assessment.tests.LoginTest"/>
</testsuite> <!-- amazon.assessment.tests.LoginTest -->
